<?xml version="1.0" encoding="UTF-8"?>
<testng-results ignored="0" total="1" passed="1" failed="0" skipped="0">
  <reporter-output>
  </reporter-output>
  <suite started-at="2024-09-29T19:11:29 IST" name="Suite" finished-at="2024-09-29T19:11:35 IST" duration-ms="5683">
    <groups>
    </groups>
    <test started-at="2024-09-29T19:11:29 IST" name="Test" finished-at="2024-09-29T19:11:35 IST" duration-ms="5683">
      <class name="com.automation.health.demo_healthpage.CureWebpage">
        <test-method is-config="true" signature="Setup()[pri:0, instance:com.automation.health.demo_healthpage.CureWebpage@344f4dea]" started-at="2024-09-29T19:11:27 IST" name="Setup" finished-at="2024-09-29T19:11:29 IST" duration-ms="2570" status="PASS">
          <reporter-output>
          </reporter-output>
        </test-method> <!-- Setup -->
        <test-method signature="loginwitvalid()[pri:1, instance:com.automation.health.demo_healthpage.CureWebpage@344f4dea]" started-at="2024-09-29T19:11:29 IST" name="loginwitvalid" finished-at="2024-09-29T19:11:35 IST" duration-ms="5578" status="PASS">
          <reporter-output>
          </reporter-output>
        </test-method> <!-- loginwitvalid -->
      </class> <!-- com.automation.health.demo_healthpage.CureWebpage -->
    </test> <!-- Test -->
  </suite> <!-- Suite -->
</testng-results>
