<?xml version="1.0" encoding="UTF-8"?>
<testng-results ignored="0" total="1" passed="1" failed="0" skipped="0">
  <reporter-output>
  </reporter-output>
  <suite started-at="2024-09-29T19:38:27 IST" name="Default suite" finished-at="2024-09-29T19:38:34 IST" duration-ms="7489">
    <groups>
    </groups>
    <test started-at="2024-09-29T19:38:27 IST" name="Default test" finished-at="2024-09-29T19:38:34 IST" duration-ms="7489">
      <class name="com.automation.health.demo_healthpage.CureWebpage">
        <test-method is-config="true" signature="Setup()[pri:0, instance:com.automation.health.demo_healthpage.CureWebpage@6b88ca8c]" started-at="2024-09-29T19:38:16 IST" name="Setup" finished-at="2024-09-29T19:38:27 IST" duration-ms="10657" status="PASS">
          <reporter-output>
          </reporter-output>
        </test-method> <!-- Setup -->
        <test-method signature="loginwitvalid()[pri:1, instance:com.automation.health.demo_healthpage.CureWebpage@6b88ca8c]" started-at="2024-09-29T19:38:27 IST" name="loginwitvalid" finished-at="2024-09-29T19:38:34 IST" duration-ms="7400" status="PASS">
          <reporter-output>
          </reporter-output>
        </test-method> <!-- loginwitvalid -->
      </class> <!-- com.automation.health.demo_healthpage.CureWebpage -->
    </test> <!-- Default test -->
  </suite> <!-- Default suite -->
</testng-results>
